<?xml version="1.0" encoding="UTF-8"?>
<testng-results ignored="0" total="1" passed="1" failed="0" skipped="0">
  <reporter-output>
  </reporter-output>
  <suite started-at="2024-10-23T19:15:50 IST" name="Suite" finished-at="2024-10-23T19:16:09 IST" duration-ms="18329">
    <groups>
    </groups>
    <test started-at="2024-10-23T19:15:50 IST" name="Test" finished-at="2024-10-23T19:16:09 IST" duration-ms="18329">
      <class name="TestNG.AssertionInTestNg">
        <test-method signature="AssertDemo()[pri:0, instance:TestNG.AssertionInTestNg@6adbc9d]" started-at="2024-10-23T19:15:50 IST" name="AssertDemo" finished-at="2024-10-23T19:16:09 IST" duration-ms="18161" status="PASS">
          <reporter-output>
          </reporter-output>
        </test-method> <!-- AssertDemo -->
      </class> <!-- TestNG.AssertionInTestNg -->
    </test> <!-- Test -->
  </suite> <!-- Suite -->
</testng-results>
