<?xml version="1.0" encoding="UTF-8"?>
<testng-results ignored="0" total="1" passed="1" failed="0" skipped="0">
  <reporter-output>
  </reporter-output>
  <suite started-at="2024-10-17T19:52:36 IST" name="Default suite" finished-at="2024-10-17T19:52:42 IST" duration-ms="6318">
    <groups>
    </groups>
    <test started-at="2024-10-17T19:52:36 IST" name="Default test" finished-at="2024-10-17T19:52:42 IST" duration-ms="6318">
      <class name="Loggers.SauceDemo">
        <test-method signature="login()[pri:0, instance:Loggers.SauceDemo@3fc2959f]" started-at="2024-10-17T19:52:36 IST" name="login" finished-at="2024-10-17T19:52:42 IST" duration-ms="6205" status="PASS">
          <reporter-output>
          </reporter-output>
        </test-method> <!-- login -->
      </class> <!-- Loggers.SauceDemo -->
    </test> <!-- Default test -->
  </suite> <!-- Default suite -->
</testng-results>
